[NotebookApp | WARNING] No nbgrader_config.py file found (rerun with --debug to see where nbgrader is looking)
[NotebookApp | INFO] Loading the validate_assignment nbgrader serverextension
[NotebookApp | INFO] Serving notebooks from local directory: C:\Users\dphil\earth-analytics\ea-bootcamp-final-project-dphillips97
[NotebookApp | INFO] The Jupyter Notebook is running at:
[NotebookApp | INFO] http://localhost:8888/?token=def390fcd85a51e541d244bb91d197b62c66bbd8aff1b219
[NotebookApp | INFO]  or http://127.0.0.1:8888/?token=def390fcd85a51e541d244bb91d197b62c66bbd8aff1b219
[NotebookApp | INFO] Use Control-C to stop this server and shut down all kernels (twice to skip confirmation).
[NotebookApp | CRITICAL] 
    
    To access the notebook, open this file in a browser:
        file:///C:/Users/dphil/AppData/Roaming/jupyter/runtime/nbserver-10100-open.html
    Or copy and paste one of these URLs:
        http://localhost:8888/?token=def390fcd85a51e541d244bb91d197b62c66bbd8aff1b219
     or http://127.0.0.1:8888/?token=def390fcd85a51e541d244bb91d197b62c66bbd8aff1b219
[NotebookApp | WARNING] No nbgrader_config.py file found (rerun with --debug to see where nbgrader is looking)
[NotebookApp | INFO] Loading the validate_assignment nbgrader serverextension
[NotebookApp | INFO] Serving notebooks from local directory: C:\Users\dphil\earth-analytics\ea-bootcamp-final-project-dphillips97
[NotebookApp | INFO] The Jupyter Notebook is running at:
[NotebookApp | INFO] http://localhost:8888/?token=34aa13649cd7aa47dcd7aed6b9a92b96008c94da87e19350
[NotebookApp | INFO]  or http://127.0.0.1:8888/?token=34aa13649cd7aa47dcd7aed6b9a92b96008c94da87e19350
[NotebookApp | INFO] Use Control-C to stop this server and shut down all kernels (twice to skip confirmation).
[NotebookApp | CRITICAL] 
    
    To access the notebook, open this file in a browser:
        file:///C:/Users/dphil/AppData/Roaming/jupyter/runtime/nbserver-13824-open.html
    Or copy and paste one of these URLs:
        http://localhost:8888/?token=34aa13649cd7aa47dcd7aed6b9a92b96008c94da87e19350
     or http://127.0.0.1:8888/?token=34aa13649cd7aa47dcd7aed6b9a92b96008c94da87e19350
[NotebookApp | INFO] Creating new notebook in 
[NotebookApp | INFO] Kernel started: 3175f3c5-0a81-4eb5-a265-d5d8867b8861
[NotebookApp | INFO] Saving file at /ea-bootcamp-final-project.ipynb
[NotebookApp | INFO] Saving file at /ea-bootcamp-final-project.ipynb
[NotebookApp | INFO] Starting buffering for 3175f3c5-0a81-4eb5-a265-d5d8867b8861:36e9dd606123413dbee059bd0fa47359
[NotebookApp | WARNING] No nbgrader_config.py file found (rerun with --debug to see where nbgrader is looking)
[NotebookApp | INFO] Loading the validate_assignment nbgrader serverextension
[NotebookApp | INFO] Serving notebooks from local directory: C:\Users\dphil\earth-analytics\ea-bootcamp-final-project-dphillips97
[NotebookApp | INFO] The Jupyter Notebook is running at:
[NotebookApp | INFO] http://localhost:8888/?token=73bbb521812f34ce4a676c8fbce5640f6a2de261d19cb7e9
[NotebookApp | INFO]  or http://127.0.0.1:8888/?token=73bbb521812f34ce4a676c8fbce5640f6a2de261d19cb7e9
[NotebookApp | INFO] Use Control-C to stop this server and shut down all kernels (twice to skip confirmation).
[NotebookApp | CRITICAL] 
    
    To access the notebook, open this file in a browser:
        file:///C:/Users/dphil/AppData/Roaming/jupyter/runtime/nbserver-7116-open.html
    Or copy and paste one of these URLs:
        http://localhost:8888/?token=73bbb521812f34ce4a676c8fbce5640f6a2de261d19cb7e9
     or http://127.0.0.1:8888/?token=73bbb521812f34ce4a676c8fbce5640f6a2de261d19cb7e9
[NotebookApp | INFO] Kernel started: 417e7e8d-82ff-4649-989f-bb16be157d30
[NotebookApp | INFO] Starting buffering for 417e7e8d-82ff-4649-989f-bb16be157d30:2106f65a6e7446ae8ddaff6301684043
[NotebookApp | INFO] Interrupted...
[NotebookApp | INFO] Shutting down 1 kernel
[NotebookApp | INFO] Kernel shutdown: 417e7e8d-82ff-4649-989f-bb16be157d30
[NotebookApp | WARNING] No nbgrader_config.py file found (rerun with --debug to see where nbgrader is looking)
[NotebookApp | INFO] Loading the validate_assignment nbgrader serverextension
[NotebookApp | INFO] Serving notebooks from local directory: C:\Users\dphil\earth-analytics\ea-bootcamp-final-project-dphillips97
[NotebookApp | INFO] The Jupyter Notebook is running at:
[NotebookApp | INFO] http://localhost:8888/?token=406b574d5a71d1021b421124590d128ea883b1eb4c8a93cd
[NotebookApp | INFO]  or http://127.0.0.1:8888/?token=406b574d5a71d1021b421124590d128ea883b1eb4c8a93cd
[NotebookApp | INFO] Use Control-C to stop this server and shut down all kernels (twice to skip confirmation).
[NotebookApp | CRITICAL] 
    
    To access the notebook, open this file in a browser:
        file:///C:/Users/dphil/AppData/Roaming/jupyter/runtime/nbserver-17196-open.html
    Or copy and paste one of these URLs:
        http://localhost:8888/?token=406b574d5a71d1021b421124590d128ea883b1eb4c8a93cd
     or http://127.0.0.1:8888/?token=406b574d5a71d1021b421124590d128ea883b1eb4c8a93cd
[NotebookApp | INFO] Kernel started: 94b33812-4c36-416c-a48c-a4d2011cc377
[NotebookApp | INFO] Saving file at /ea-bootcamp-final-project.ipynb
[NotebookApp | INFO] Saving file at /ea-bootcamp-final-project.ipynb
[NotebookApp | INFO] Saving file at /ea-bootcamp-final-project.ipynb
[NotebookApp | INFO] Saving file at /ea-bootcamp-final-project.ipynb
[NotebookApp | INFO] Saving file at /ea-bootcamp-final-project.ipynb
[NotebookApp | INFO] Starting buffering for 94b33812-4c36-416c-a48c-a4d2011cc377:de4371cf022b47058d73bf99379933bf
[NotebookApp | INFO] Kernel restarted: 94b33812-4c36-416c-a48c-a4d2011cc377
[NotebookApp | INFO] Restoring connection for 94b33812-4c36-416c-a48c-a4d2011cc377:de4371cf022b47058d73bf99379933bf
[NotebookApp | INFO] Replaying 6 buffered messages
[NotebookApp | INFO] Saving file at /ea-bootcamp-final-project.ipynb
[NotebookApp | INFO] Saving file at /ea-bootcamp-final-project.ipynb
[NotebookApp | INFO] Saving file at /ea-bootcamp-final-project.ipynb
[NotebookApp | INFO] Saving file at /ea-bootcamp-final-project.ipynb
[NotebookApp | INFO] Saving file at /ea-bootcamp-final-project.ipynb
[NotebookApp | INFO] Saving file at /ea-bootcamp-final-project.ipynb
[NotebookApp | INFO] Saving file at /ea-bootcamp-final-project.ipynb
[NotebookApp | INFO] Saving file at /ea-bootcamp-final-project.ipynb
[NotebookApp | INFO] Saving file at /ea-bootcamp-final-project.ipynb
[NotebookApp | INFO] Saving file at /ea-bootcamp-final-project.ipynb
[NotebookApp | INFO] Saving file at /ea-bootcamp-final-project.ipynb
[NotebookApp | INFO] Saving file at /ea-bootcamp-final-project.ipynb
[NotebookApp | INFO] Saving file at /ea-bootcamp-final-project.ipynb
[NotebookApp | INFO] Saving file at /ea-bootcamp-final-project.ipynb
[NotebookApp | INFO] Saving file at /ea-bootcamp-final-project.ipynb
[NotebookApp | INFO] Saving file at /ea-bootcamp-final-project.ipynb
[NotebookApp | INFO] Saving file at /ea-bootcamp-final-project.ipynb
[NotebookApp | INFO] Saving file at /ea-bootcamp-final-project.ipynb
[NotebookApp | INFO] Starting buffering for 94b33812-4c36-416c-a48c-a4d2011cc377:de4371cf022b47058d73bf99379933bf
[NotebookApp | INFO] Saving file at /ea-bootcamp-final-project.ipynb
[NotebookApp | INFO] Saving file at /ea-bootcamp-final-project.ipynb
[NotebookApp | INFO] Saving file at /ea-bootcamp-final-project.ipynb
[NotebookApp | INFO] Saving file at /ea-bootcamp-final-project.ipynb
[NotebookApp | INFO] Saving file at /ea-bootcamp-final-project.ipynb
[NotebookApp | INFO] Saving file at /ea-bootcamp-final-project.ipynb
[NotebookApp | INFO] Saving file at /ea-bootcamp-final-project.ipynb
[NotebookApp | INFO] Saving file at /ea-bootcamp-final-project.ipynb
[NotebookApp | INFO] Saving file at /ea-bootcamp-final-project.ipynb
[NotebookApp | INFO] Saving file at /ea-bootcamp-final-project.ipynb
[NotebookApp | INFO] Saving file at /ea-bootcamp-final-project.ipynb
[NotebookApp | INFO] Starting buffering for 94b33812-4c36-416c-a48c-a4d2011cc377:6e6fcf62649b4ac784ef2d8fb2cd13e4
[NotebookApp | INFO] Interrupted...
[NotebookApp | INFO] Shutting down 1 kernel
[NotebookApp | INFO] Kernel shutdown: 94b33812-4c36-416c-a48c-a4d2011cc377
[NotebookApp | WARNING] No nbgrader_config.py file found (rerun with --debug to see where nbgrader is looking)
[NotebookApp | INFO] Loading the validate_assignment nbgrader serverextension
[NotebookApp | INFO] Serving notebooks from local directory: C:\Users\dphil\earth-analytics\ea-bootcamp-final-project-dphillips97
[NotebookApp | INFO] The Jupyter Notebook is running at:
[NotebookApp | INFO] http://localhost:8888/?token=fc374d6d11b76bb151ce109a6942fb200ea142ee2bbf5b9d
[NotebookApp | INFO]  or http://127.0.0.1:8888/?token=fc374d6d11b76bb151ce109a6942fb200ea142ee2bbf5b9d
[NotebookApp | INFO] Use Control-C to stop this server and shut down all kernels (twice to skip confirmation).
[NotebookApp | CRITICAL] 
    
    To access the notebook, open this file in a browser:
        file:///C:/Users/dphil/AppData/Roaming/jupyter/runtime/nbserver-18220-open.html
    Or copy and paste one of these URLs:
        http://localhost:8888/?token=fc374d6d11b76bb151ce109a6942fb200ea142ee2bbf5b9d
     or http://127.0.0.1:8888/?token=fc374d6d11b76bb151ce109a6942fb200ea142ee2bbf5b9d
[NotebookApp | INFO] Kernel started: 796792fa-09ea-4907-8580-bafafe3aefe0
[NotebookApp | INFO] Saving file at /ea-bootcamp-final-project.ipynb
[NotebookApp | INFO] Starting buffering for 796792fa-09ea-4907-8580-bafafe3aefe0:38bbeae028244240b5129b9a2101096c
[NotebookApp | INFO] Kernel restarted: 796792fa-09ea-4907-8580-bafafe3aefe0
[NotebookApp | INFO] Restoring connection for 796792fa-09ea-4907-8580-bafafe3aefe0:38bbeae028244240b5129b9a2101096c
[NotebookApp | INFO] Replaying 6 buffered messages
[NotebookApp | INFO] Saving file at /ea-bootcamp-final-project.ipynb
[NotebookApp | INFO] Saving file at /ea-bootcamp-final-project.ipynb
[NotebookApp | INFO] Saving file at /ea-bootcamp-final-project.ipynb
[NotebookApp | INFO] Saving file at /ea-bootcamp-final-project.ipynb
[NotebookApp | INFO] Saving file at /ea-bootcamp-final-project.ipynb
[NotebookApp | INFO] Saving file at /ea-bootcamp-final-project.ipynb
[NotebookApp | INFO] Saving file at /ea-bootcamp-final-project.ipynb
[NotebookApp | INFO] Saving file at /ea-bootcamp-final-project.ipynb
[NotebookApp | INFO] Saving file at /ea-bootcamp-final-project.ipynb
[NotebookApp | INFO] Saving file at /ea-bootcamp-final-project.ipynb
[NotebookApp | INFO] Saving file at /ea-bootcamp-final-project.ipynb
[NotebookApp | INFO] Saving file at /ea-bootcamp-final-project.ipynb
[NotebookApp | INFO] Saving file at /ea-bootcamp-final-project.ipynb
[NotebookApp | INFO] Saving file at /ea-bootcamp-final-project.ipynb
[NotebookApp | INFO] Saving file at /ea-bootcamp-final-project.ipynb
[NotebookApp | INFO] Starting buffering for 796792fa-09ea-4907-8580-bafafe3aefe0:38bbeae028244240b5129b9a2101096c
[NotebookApp | INFO] Kernel restarted: 796792fa-09ea-4907-8580-bafafe3aefe0
[NotebookApp | INFO] Restoring connection for 796792fa-09ea-4907-8580-bafafe3aefe0:38bbeae028244240b5129b9a2101096c
[NotebookApp | INFO] Replaying 6 buffered messages
[NotebookApp | INFO] Saving file at /ea-bootcamp-final-project.ipynb
[NotebookApp | INFO] Starting buffering for 796792fa-09ea-4907-8580-bafafe3aefe0:38bbeae028244240b5129b9a2101096c
[NotebookApp | INFO] Interrupted...
[NotebookApp | INFO] Shutting down 1 kernel
[NotebookApp | INFO] Kernel shutdown: 796792fa-09ea-4907-8580-bafafe3aefe0
