[NotebookApp | WARNING] No nbgrader_config.py file found (rerun with --debug to see where nbgrader is looking)
[NotebookApp | INFO] Loading the validate_assignment nbgrader serverextension
[NotebookApp | INFO] Serving notebooks from local directory: C:\Users\dphil\Desktop\earth-analytics\hw\ea-bootcamp-06-work-with-numpy-arrays-dphillips97
[NotebookApp | INFO] The Jupyter Notebook is running at:
[NotebookApp | INFO] http://localhost:8888/?token=7c7b73de83c57e230f9f010b74e49e8a472db58366b91d35
[NotebookApp | INFO]  or http://127.0.0.1:8888/?token=7c7b73de83c57e230f9f010b74e49e8a472db58366b91d35
[NotebookApp | INFO] Use Control-C to stop this server and shut down all kernels (twice to skip confirmation).
[NotebookApp | CRITICAL] 
    
    To access the notebook, open this file in a browser:
        file:///C:/Users/dphil/AppData/Roaming/jupyter/runtime/nbserver-6264-open.html
    Or copy and paste one of these URLs:
        http://localhost:8888/?token=7c7b73de83c57e230f9f010b74e49e8a472db58366b91d35
     or http://127.0.0.1:8888/?token=7c7b73de83c57e230f9f010b74e49e8a472db58366b91d35
[NotebookApp | WARNING] Notebook ea-bootcamp-06-work-with-numpy-arrays.ipynb is not trusted
[NotebookApp | WARNING] 404 GET /notebooks/earth-lab-logo-rgb.png (::1): No such file or directory: earth-lab-logo-rgb.png
[NotebookApp | WARNING] 404 GET /notebooks/earth-lab-logo-rgb.png (::1) 87.78ms referer=http://localhost:8888/notebooks/ea-bootcamp-06-work-with-numpy-arrays.ipynb
[NotebookApp | INFO] Kernel started: f12fe84b-9920-4bdc-8563-aa802925d0a3
[NotebookApp | WARNING] 404 GET /notebooks/earth-lab-logo-rgb.png (::1): No such file or directory: earth-lab-logo-rgb.png
[NotebookApp | WARNING] 404 GET /notebooks/earth-lab-logo-rgb.png (::1) 2.99ms referer=http://localhost:8888/notebooks/ea-bootcamp-06-work-with-numpy-arrays.ipynb
[NotebookApp | INFO] Saving file at /ea-bootcamp-06-work-with-numpy-arrays.ipynb
[NotebookApp | INFO] Saving file at /ea-bootcamp-06-work-with-numpy-arrays.ipynb
[NotebookApp | INFO] Saving file at /ea-bootcamp-06-work-with-numpy-arrays.ipynb
[NotebookApp | INFO] Saving file at /ea-bootcamp-06-work-with-numpy-arrays.ipynb
[NotebookApp | INFO] Saving file at /ea-bootcamp-06-work-with-numpy-arrays.ipynb
[NotebookApp | INFO] Saving file at /ea-bootcamp-06-work-with-numpy-arrays.ipynb
[NotebookApp | INFO] Saving file at /ea-bootcamp-06-work-with-numpy-arrays.ipynb
[NotebookApp | INFO] Saving file at /ea-bootcamp-06-work-with-numpy-arrays.ipynb
[NotebookApp | INFO] Saving file at /ea-bootcamp-06-work-with-numpy-arrays.ipynb
[NotebookApp | INFO] Saving file at /ea-bootcamp-06-work-with-numpy-arrays.ipynb
[NotebookApp | INFO] Saving file at /ea-bootcamp-06-work-with-numpy-arrays.ipynb
[NotebookApp | INFO] Saving file at /ea-bootcamp-06-work-with-numpy-arrays.ipynb
[NotebookApp | INFO] Saving file at /ea-bootcamp-06-work-with-numpy-arrays.ipynb
[NotebookApp | INFO] Saving file at /ea-bootcamp-06-work-with-numpy-arrays.ipynb
[NotebookApp | INFO] Saving file at /ea-bootcamp-06-work-with-numpy-arrays.ipynb
[NotebookApp | INFO] Saving file at /ea-bootcamp-06-work-with-numpy-arrays.ipynb
[NotebookApp | INFO] Saving file at /ea-bootcamp-06-work-with-numpy-arrays.ipynb
[NotebookApp | INFO] Saving file at /ea-bootcamp-06-work-with-numpy-arrays.ipynb
[NotebookApp | INFO] Saving file at /ea-bootcamp-06-work-with-numpy-arrays.ipynb
[NotebookApp | INFO] Saving file at /ea-bootcamp-06-work-with-numpy-arrays.ipynb
[NotebookApp | INFO] Saving file at /ea-bootcamp-06-work-with-numpy-arrays.ipynb
[NotebookApp | INFO] Saving file at /ea-bootcamp-06-work-with-numpy-arrays.ipynb
[NotebookApp | INFO] Saving file at /ea-bootcamp-06-work-with-numpy-arrays.ipynb
[NotebookApp | INFO] Starting buffering for f12fe84b-9920-4bdc-8563-aa802925d0a3:23683a82b62d42068f882be1f6623719
[NotebookApp | INFO] Interrupted...
[NotebookApp | INFO] Shutting down 1 kernel
[NotebookApp | INFO] Kernel shutdown: f12fe84b-9920-4bdc-8563-aa802925d0a3
[NotebookApp | WARNING] No nbgrader_config.py file found (rerun with --debug to see where nbgrader is looking)
[NotebookApp | INFO] Loading the validate_assignment nbgrader serverextension
[NotebookApp | INFO] Serving notebooks from local directory: C:\Users\dphil\Desktop\earth-analytics\hw\ea-bootcamp-06-work-with-numpy-arrays-dphillips97
[NotebookApp | INFO] The Jupyter Notebook is running at:
[NotebookApp | INFO] http://localhost:8888/?token=1c010ee37394a168e764edd0806e8790622d4df10ca2ac73
[NotebookApp | INFO]  or http://127.0.0.1:8888/?token=1c010ee37394a168e764edd0806e8790622d4df10ca2ac73
[NotebookApp | INFO] Use Control-C to stop this server and shut down all kernels (twice to skip confirmation).
[NotebookApp | CRITICAL] 
    
    To access the notebook, open this file in a browser:
        file:///C:/Users/dphil/AppData/Roaming/jupyter/runtime/nbserver-14192-open.html
    Or copy and paste one of these URLs:
        http://localhost:8888/?token=1c010ee37394a168e764edd0806e8790622d4df10ca2ac73
     or http://127.0.0.1:8888/?token=1c010ee37394a168e764edd0806e8790622d4df10ca2ac73
[NotebookApp | WARNING] 404 GET /notebooks/earth-lab-logo-rgb.png (::1): No such file or directory: earth-lab-logo-rgb.png
[NotebookApp | WARNING] 404 GET /notebooks/earth-lab-logo-rgb.png (::1) 91.02ms referer=http://localhost:8888/notebooks/ea-bootcamp-06-work-with-numpy-arrays.ipynb
[NotebookApp | INFO] Kernel started: 123fa841-3312-4cac-9bd7-0fbd40a419d1
[NotebookApp | INFO] Saving file at /ea-bootcamp-06-work-with-numpy-arrays.ipynb
[NotebookApp | INFO] Starting buffering for 123fa841-3312-4cac-9bd7-0fbd40a419d1:36da5540542243698d41a241c0843fe3
[NotebookApp | INFO] Kernel restarted: 123fa841-3312-4cac-9bd7-0fbd40a419d1
[NotebookApp | INFO] Restoring connection for 123fa841-3312-4cac-9bd7-0fbd40a419d1:36da5540542243698d41a241c0843fe3
[NotebookApp | INFO] Replaying 3 buffered messages
[NotebookApp | INFO] Saving file at /ea-bootcamp-06-work-with-numpy-arrays.ipynb
[NotebookApp | INFO] Saving file at /ea-bootcamp-06-work-with-numpy-arrays.ipynb
[NotebookApp | INFO] Saving file at /ea-bootcamp-06-work-with-numpy-arrays.ipynb
[NotebookApp | INFO] Saving file at /ea-bootcamp-06-work-with-numpy-arrays.ipynb
[NotebookApp | INFO] Saving file at /ea-bootcamp-06-work-with-numpy-arrays.ipynb
[NotebookApp | INFO] Saving file at /ea-bootcamp-06-work-with-numpy-arrays.ipynb
[NotebookApp | INFO] Saving file at /ea-bootcamp-06-work-with-numpy-arrays.ipynb
[NotebookApp | INFO] Starting buffering for 123fa841-3312-4cac-9bd7-0fbd40a419d1:36da5540542243698d41a241c0843fe3
[NotebookApp | INFO] Kernel restarted: 123fa841-3312-4cac-9bd7-0fbd40a419d1
[NotebookApp | INFO] Restoring connection for 123fa841-3312-4cac-9bd7-0fbd40a419d1:36da5540542243698d41a241c0843fe3
[NotebookApp | INFO] Replaying 6 buffered messages
[NotebookApp | INFO] Saving file at /ea-bootcamp-06-work-with-numpy-arrays.ipynb
[NotebookApp | INFO] Saving file at /ea-bootcamp-06-work-with-numpy-arrays.ipynb
[NotebookApp | INFO] Starting buffering for 123fa841-3312-4cac-9bd7-0fbd40a419d1:36da5540542243698d41a241c0843fe3
[NotebookApp | INFO] Kernel restarted: 123fa841-3312-4cac-9bd7-0fbd40a419d1
[NotebookApp | INFO] Restoring connection for 123fa841-3312-4cac-9bd7-0fbd40a419d1:36da5540542243698d41a241c0843fe3
[NotebookApp | INFO] Replaying 3 buffered messages
[NotebookApp | INFO] Saving file at /ea-bootcamp-06-work-with-numpy-arrays.ipynb
[NotebookApp | INFO] Saving file at /ea-bootcamp-06-work-with-numpy-arrays.ipynb
[NotebookApp | INFO] Saving file at /ea-bootcamp-06-work-with-numpy-arrays.ipynb
[NotebookApp | INFO] Saving file at /ea-bootcamp-06-work-with-numpy-arrays.ipynb
[NotebookApp | INFO] Saving file at /ea-bootcamp-06-work-with-numpy-arrays.ipynb
[NotebookApp | INFO] Saving file at /ea-bootcamp-06-work-with-numpy-arrays.ipynb
[NotebookApp | INFO] Saving file at /ea-bootcamp-06-work-with-numpy-arrays.ipynb
[NotebookApp | INFO] Saving file at /ea-bootcamp-06-work-with-numpy-arrays.ipynb
[NotebookApp | INFO] Saving file at /ea-bootcamp-06-work-with-numpy-arrays.ipynb
[NotebookApp | INFO] Saving file at /ea-bootcamp-06-work-with-numpy-arrays.ipynb
[NotebookApp | INFO] Saving file at /ea-bootcamp-06-work-with-numpy-arrays.ipynb
[NotebookApp | INFO] Saving file at /ea-bootcamp-06-work-with-numpy-arrays.ipynb
[NotebookApp | INFO] Saving file at /ea-bootcamp-06-work-with-numpy-arrays.ipynb
[NotebookApp | INFO] Starting buffering for 123fa841-3312-4cac-9bd7-0fbd40a419d1:36da5540542243698d41a241c0843fe3
[NotebookApp | WARNING] No nbgrader_config.py file found (rerun with --debug to see where nbgrader is looking)
[NotebookApp | INFO] Loading the validate_assignment nbgrader serverextension
[NotebookApp | INFO] Serving notebooks from local directory: C:\Users\dphil\Desktop\earth-analytics\hw\ea-bootcamp-06-work-with-numpy-arrays-dphillips97
[NotebookApp | INFO] The Jupyter Notebook is running at:
[NotebookApp | INFO] http://localhost:8888/?token=7275cd1c4826841c48aa4ef6eef502e54ac131afcf59bc8d
[NotebookApp | INFO]  or http://127.0.0.1:8888/?token=7275cd1c4826841c48aa4ef6eef502e54ac131afcf59bc8d
[NotebookApp | INFO] Use Control-C to stop this server and shut down all kernels (twice to skip confirmation).
[NotebookApp | CRITICAL] 
    
    To access the notebook, open this file in a browser:
        file:///C:/Users/dphil/AppData/Roaming/jupyter/runtime/nbserver-11548-open.html
    Or copy and paste one of these URLs:
        http://localhost:8888/?token=7275cd1c4826841c48aa4ef6eef502e54ac131afcf59bc8d
     or http://127.0.0.1:8888/?token=7275cd1c4826841c48aa4ef6eef502e54ac131afcf59bc8d
[NotebookApp | WARNING] 404 GET /notebooks/earth-lab-logo-rgb.png (::1): No such file or directory: earth-lab-logo-rgb.png
[NotebookApp | WARNING] 404 GET /notebooks/earth-lab-logo-rgb.png (::1) 78.08ms referer=http://localhost:8888/notebooks/ea-bootcamp-06-work-with-numpy-arrays.ipynb
[NotebookApp | INFO] Kernel started: 34778486-6238-4963-9468-045b15a8176f
[NotebookApp | INFO] Starting buffering for 34778486-6238-4963-9468-045b15a8176f:251c2a32623242f7b65f99479fb26dd6
[NotebookApp | INFO] Kernel restarted: 34778486-6238-4963-9468-045b15a8176f
[NotebookApp | INFO] Restoring connection for 34778486-6238-4963-9468-045b15a8176f:251c2a32623242f7b65f99479fb26dd6
[NotebookApp | INFO] Replaying 6 buffered messages
[NotebookApp | INFO] Starting buffering for 34778486-6238-4963-9468-045b15a8176f:251c2a32623242f7b65f99479fb26dd6
[NotebookApp | WARNING] Forbidden
[NotebookApp | WARNING] 403 GET /api/sessions?_=1570580906294 (::1) 0.00ms referer=http://localhost:8888/tree
[NotebookApp | WARNING] Forbidden
[NotebookApp | WARNING] 403 GET /api/terminals?_=1570580906295 (::1) 0.00ms referer=http://localhost:8888/tree
[NotebookApp | WARNING] No nbgrader_config.py file found (rerun with --debug to see where nbgrader is looking)
[NotebookApp | INFO] Loading the validate_assignment nbgrader serverextension
[NotebookApp | INFO] Serving notebooks from local directory: C:\Users\dphil\earth-analytics\ea-bootcamp-06-work-with-numpy-arrays-dphillips97
[NotebookApp | INFO] The Jupyter Notebook is running at:
[NotebookApp | INFO] http://localhost:8888/?token=f65aecac2a7d145b29efc9f5e48afa38816f1c371b576402
[NotebookApp | INFO]  or http://127.0.0.1:8888/?token=f65aecac2a7d145b29efc9f5e48afa38816f1c371b576402
[NotebookApp | INFO] Use Control-C to stop this server and shut down all kernels (twice to skip confirmation).
[NotebookApp | CRITICAL] 
    
    To access the notebook, open this file in a browser:
        file:///C:/Users/dphil/AppData/Roaming/jupyter/runtime/nbserver-10316-open.html
    Or copy and paste one of these URLs:
        http://localhost:8888/?token=f65aecac2a7d145b29efc9f5e48afa38816f1c371b576402
     or http://127.0.0.1:8888/?token=f65aecac2a7d145b29efc9f5e48afa38816f1c371b576402
[NotebookApp | WARNING] 404 GET /notebooks/earth-lab-logo-rgb.png (::1): No such file or directory: earth-lab-logo-rgb.png
[NotebookApp | WARNING] 404 GET /notebooks/earth-lab-logo-rgb.png (::1) 46.83ms referer=http://localhost:8888/notebooks/ea-bootcamp-06-work-with-numpy-arrays.ipynb
[NotebookApp | INFO] Kernel started: f745b771-1a51-44fe-a9d7-6ef45ccad5f2
[NotebookApp | INFO] Starting buffering for f745b771-1a51-44fe-a9d7-6ef45ccad5f2:4900f439983a416b804a38d665acbd5d
[NotebookApp | INFO] Kernel restarted: f745b771-1a51-44fe-a9d7-6ef45ccad5f2
[NotebookApp | INFO] Restoring connection for f745b771-1a51-44fe-a9d7-6ef45ccad5f2:4900f439983a416b804a38d665acbd5d
[NotebookApp | INFO] Replaying 3 buffered messages
[NotebookApp | INFO] Saving file at /ea-bootcamp-06-work-with-numpy-arrays.ipynb
[NotebookApp | INFO] Saving file at /ea-bootcamp-06-work-with-numpy-arrays.ipynb
[NotebookApp | INFO] Saving file at /ea-bootcamp-06-work-with-numpy-arrays.ipynb
[NotebookApp | INFO] Saving file at /ea-bootcamp-06-work-with-numpy-arrays.ipynb
[NotebookApp | INFO] Saving file at /ea-bootcamp-06-work-with-numpy-arrays.ipynb
[NotebookApp | INFO] Saving file at /ea-bootcamp-06-work-with-numpy-arrays.ipynb
[NotebookApp | INFO] Saving file at /ea-bootcamp-06-work-with-numpy-arrays.ipynb
[NotebookApp | INFO] Saving file at /ea-bootcamp-06-work-with-numpy-arrays.ipynb
[NotebookApp | INFO] Saving file at /ea-bootcamp-06-work-with-numpy-arrays.ipynb
[NotebookApp | INFO] Saving file at /ea-bootcamp-06-work-with-numpy-arrays.ipynb
[NotebookApp | INFO] Saving file at /ea-bootcamp-06-work-with-numpy-arrays.ipynb
[NotebookApp | INFO] Saving file at /ea-bootcamp-06-work-with-numpy-arrays.ipynb
[NotebookApp | INFO] Saving file at /ea-bootcamp-06-work-with-numpy-arrays.ipynb
[NotebookApp | INFO] Saving file at /ea-bootcamp-06-work-with-numpy-arrays.ipynb
[NotebookApp | INFO] Saving file at /ea-bootcamp-06-work-with-numpy-arrays.ipynb
[NotebookApp | INFO] Saving file at /ea-bootcamp-06-work-with-numpy-arrays.ipynb
[NotebookApp | INFO] Saving file at /ea-bootcamp-06-work-with-numpy-arrays.ipynb
[NotebookApp | INFO] Saving file at /ea-bootcamp-06-work-with-numpy-arrays.ipynb
[NotebookApp | INFO] Saving file at /ea-bootcamp-06-work-with-numpy-arrays.ipynb
[NotebookApp | INFO] Saving file at /ea-bootcamp-06-work-with-numpy-arrays.ipynb
[NotebookApp | INFO] Saving file at /ea-bootcamp-06-work-with-numpy-arrays.ipynb
[NotebookApp | INFO] Saving file at /ea-bootcamp-06-work-with-numpy-arrays.ipynb
[NotebookApp | INFO] Saving file at /ea-bootcamp-06-work-with-numpy-arrays.ipynb
[NotebookApp | INFO] Starting buffering for f745b771-1a51-44fe-a9d7-6ef45ccad5f2:4900f439983a416b804a38d665acbd5d
[NotebookApp | WARNING] Forbidden
[NotebookApp | WARNING] 403 GET /api/sessions?_=1570586835247 (::1) 5.06ms referer=http://localhost:8888/tree
[NotebookApp | WARNING] Forbidden
[NotebookApp | WARNING] 403 GET /api/terminals?_=1570586835248 (::1) 5.02ms referer=http://localhost:8888/tree
[NotebookApp | INFO] Interrupted...
[NotebookApp | INFO] Shutting down 1 kernel
[NotebookApp | INFO] Kernel shutdown: f745b771-1a51-44fe-a9d7-6ef45ccad5f2
[NotebookApp | WARNING] No nbgrader_config.py file found (rerun with --debug to see where nbgrader is looking)
[NotebookApp | INFO] Loading the validate_assignment nbgrader serverextension
[NotebookApp | INFO] Serving notebooks from local directory: C:\Users\dphil\earth-analytics\ea-bootcamp-06-work-with-numpy-arrays-dphillips97
[NotebookApp | INFO] The Jupyter Notebook is running at:
[NotebookApp | INFO] http://localhost:8888/?token=95279e53d493fb90d9f22ddcf050cc9a93abc67a8664fa72
[NotebookApp | INFO]  or http://127.0.0.1:8888/?token=95279e53d493fb90d9f22ddcf050cc9a93abc67a8664fa72
[NotebookApp | INFO] Use Control-C to stop this server and shut down all kernels (twice to skip confirmation).
[NotebookApp | CRITICAL] 
    
    To access the notebook, open this file in a browser:
        file:///C:/Users/dphil/AppData/Roaming/jupyter/runtime/nbserver-5076-open.html
    Or copy and paste one of these URLs:
        http://localhost:8888/?token=95279e53d493fb90d9f22ddcf050cc9a93abc67a8664fa72
     or http://127.0.0.1:8888/?token=95279e53d493fb90d9f22ddcf050cc9a93abc67a8664fa72
[NotebookApp | WARNING] 404 GET /notebooks/earth-lab-logo-rgb.png (::1): No such file or directory: earth-lab-logo-rgb.png
[NotebookApp | WARNING] 404 GET /notebooks/earth-lab-logo-rgb.png (::1) 107.72ms referer=http://localhost:8888/notebooks/ea-bootcamp-06-work-with-numpy-arrays.ipynb
[NotebookApp | INFO] Kernel started: 9468901a-8ad0-46de-aa68-3f323a3bbddc
[NotebookApp | INFO] Starting buffering for 9468901a-8ad0-46de-aa68-3f323a3bbddc:bb06d00b5ef6439a8894b78564e50339
[NotebookApp | INFO] Kernel restarted: 9468901a-8ad0-46de-aa68-3f323a3bbddc
[NotebookApp | INFO] Restoring connection for 9468901a-8ad0-46de-aa68-3f323a3bbddc:bb06d00b5ef6439a8894b78564e50339
[NotebookApp | INFO] Replaying 3 buffered messages
[NotebookApp | INFO] Starting buffering for 9468901a-8ad0-46de-aa68-3f323a3bbddc:bb06d00b5ef6439a8894b78564e50339
[NotebookApp | INFO] Kernel restarted: 9468901a-8ad0-46de-aa68-3f323a3bbddc
[NotebookApp | INFO] Restoring connection for 9468901a-8ad0-46de-aa68-3f323a3bbddc:bb06d00b5ef6439a8894b78564e50339
[NotebookApp | INFO] Replaying 3 buffered messages
[NotebookApp | INFO] Saving file at /ea-bootcamp-06-work-with-numpy-arrays.ipynb
[NotebookApp | INFO] Saving file at /ea-bootcamp-06-work-with-numpy-arrays.ipynb
[NotebookApp | INFO] Saving file at /ea-bootcamp-06-work-with-numpy-arrays.ipynb
[NotebookApp | INFO] Saving file at /ea-bootcamp-06-work-with-numpy-arrays.ipynb
[NotebookApp | INFO] Saving file at /ea-bootcamp-06-work-with-numpy-arrays.ipynb
[NotebookApp | INFO] Saving file at /ea-bootcamp-06-work-with-numpy-arrays.ipynb
[NotebookApp | INFO] Saving file at /ea-bootcamp-06-work-with-numpy-arrays.ipynb
[NotebookApp | INFO] Saving file at /ea-bootcamp-06-work-with-numpy-arrays.ipynb
[NotebookApp | INFO] Saving file at /ea-bootcamp-06-work-with-numpy-arrays.ipynb
[NotebookApp | INFO] Starting buffering for 9468901a-8ad0-46de-aa68-3f323a3bbddc:bb06d00b5ef6439a8894b78564e50339
[NotebookApp | WARNING] Forbidden
[NotebookApp | WARNING] 403 GET /api/sessions?_=1570672676052 (::1) 1.00ms referer=http://localhost:8888/tree
[NotebookApp | WARNING] Forbidden
[NotebookApp | WARNING] 403 GET /api/terminals?_=1570672676053 (::1) 1.99ms referer=http://localhost:8888/tree
[NotebookApp | INFO] Interrupted...
[NotebookApp | INFO] Shutting down 1 kernel
[NotebookApp | INFO] Kernel shutdown: 9468901a-8ad0-46de-aa68-3f323a3bbddc
