[NotebookApp | WARNING] No nbgrader_config.py file found (rerun with --debug to see where nbgrader is looking)
[NotebookApp | INFO] Loading the validate_assignment nbgrader serverextension
[NotebookApp | INFO] Serving notebooks from local directory: C:\Users\dphil\earth-analytics\ea-bootcamp-11-dry-code-dphillips97
[NotebookApp | INFO] The Jupyter Notebook is running at:
[NotebookApp | INFO] http://localhost:8888/?token=6daa07c89f75c03249218c470da81904dffb5410abf48556
[NotebookApp | INFO]  or http://127.0.0.1:8888/?token=6daa07c89f75c03249218c470da81904dffb5410abf48556
[NotebookApp | INFO] Use Control-C to stop this server and shut down all kernels (twice to skip confirmation).
[NotebookApp | CRITICAL] 
    
    To access the notebook, open this file in a browser:
        file:///C:/Users/dphil/AppData/Roaming/jupyter/runtime/nbserver-17380-open.html
    Or copy and paste one of these URLs:
        http://localhost:8888/?token=6daa07c89f75c03249218c470da81904dffb5410abf48556
     or http://127.0.0.1:8888/?token=6daa07c89f75c03249218c470da81904dffb5410abf48556
[NotebookApp | WARNING] Notebook week-11-practice-in-class-notebook.ipynb is not trusted
[NotebookApp | INFO] Kernel started: bb672266-6517-40e3-9b36-4ade4de4719d
[NotebookApp | WARNING] Notebook ea-bootcamp-11-dry-code.ipynb is not trusted
[NotebookApp | INFO] 302 GET /notebooks/earth-lab-logo-rgb.png (::1) 0.00ms
[NotebookApp | INFO] Kernel started: 43aa3c08-d7df-4335-b182-6141a5a072f9
[NotebookApp | INFO] Saving file at /ea-bootcamp-11-dry-code.ipynb
[NotebookApp | INFO] Saving file at /ea-bootcamp-11-dry-code.ipynb
[NotebookApp | INFO] Saving file at /ea-bootcamp-11-dry-code.ipynb
[NotebookApp | INFO] Saving file at /ea-bootcamp-11-dry-code.ipynb
[NotebookApp | INFO] Saving file at /ea-bootcamp-11-dry-code.ipynb
[NotebookApp | INFO] Saving file at /ea-bootcamp-11-dry-code.ipynb
[NotebookApp | INFO] Saving file at /ea-bootcamp-11-dry-code.ipynb
[NotebookApp | INFO] Saving file at /ea-bootcamp-11-dry-code.ipynb
[NotebookApp | INFO] Saving file at /ea-bootcamp-11-dry-code.ipynb
[NotebookApp | INFO] Saving file at /ea-bootcamp-11-dry-code.ipynb
[NotebookApp | INFO] Saving file at /ea-bootcamp-11-dry-code.ipynb
[NotebookApp | INFO] Saving file at /ea-bootcamp-11-dry-code.ipynb
[NotebookApp | INFO] Saving file at /ea-bootcamp-11-dry-code.ipynb
[NotebookApp | INFO] Saving file at /ea-bootcamp-11-dry-code.ipynb
[NotebookApp | INFO] Saving file at /ea-bootcamp-11-dry-code.ipynb
[NotebookApp | INFO] Saving file at /ea-bootcamp-11-dry-code.ipynb
[NotebookApp | INFO] Saving file at /ea-bootcamp-11-dry-code.ipynb
[NotebookApp | INFO] Saving file at /ea-bootcamp-11-dry-code.ipynb
[NotebookApp | INFO] Saving file at /ea-bootcamp-11-dry-code.ipynb
[NotebookApp | INFO] Saving file at /ea-bootcamp-11-dry-code.ipynb
[NotebookApp | INFO] Starting buffering for 43aa3c08-d7df-4335-b182-6141a5a072f9:99561e66afd6482883feadce514e6157
[NotebookApp | INFO] Kernel restarted: 43aa3c08-d7df-4335-b182-6141a5a072f9
[NotebookApp | INFO] Saving file at /ea-bootcamp-11-dry-code.ipynb
[NotebookApp | INFO] Restoring connection for 43aa3c08-d7df-4335-b182-6141a5a072f9:99561e66afd6482883feadce514e6157
[NotebookApp | INFO] Replaying 6 buffered messages
[NotebookApp | INFO] Saving file at /ea-bootcamp-11-dry-code.ipynb
[NotebookApp | INFO] Saving file at /ea-bootcamp-11-dry-code.ipynb
[NotebookApp | INFO] Saving file at /ea-bootcamp-11-dry-code.ipynb
[NotebookApp | INFO] Saving file at /ea-bootcamp-11-dry-code.ipynb
[NotebookApp | INFO] Saving file at /ea-bootcamp-11-dry-code.ipynb
[NotebookApp | INFO] Saving file at /ea-bootcamp-11-dry-code.ipynb
[NotebookApp | INFO] Saving file at /ea-bootcamp-11-dry-code.ipynb
[NotebookApp | INFO] Saving file at /ea-bootcamp-11-dry-code.ipynb
[NotebookApp | INFO] Starting buffering for 43aa3c08-d7df-4335-b182-6141a5a072f9:99561e66afd6482883feadce514e6157
[NotebookApp | INFO] Starting buffering for bb672266-6517-40e3-9b36-4ade4de4719d:38553f15eee24390885d27b01dd0c809
[NotebookApp | WARNING] No nbgrader_config.py file found (rerun with --debug to see where nbgrader is looking)
[NotebookApp | INFO] Loading the validate_assignment nbgrader serverextension
[NotebookApp | INFO] Serving notebooks from local directory: C:\Users\dphil\earth-analytics\ea-bootcamp-11-dry-code-dphillips97
[NotebookApp | INFO] The Jupyter Notebook is running at:
[NotebookApp | INFO] http://localhost:8888/?token=752c7ee22afc01b0bfb5e147f762d44931f4a9c4201f6c4a
[NotebookApp | INFO]  or http://127.0.0.1:8888/?token=752c7ee22afc01b0bfb5e147f762d44931f4a9c4201f6c4a
[NotebookApp | INFO] Use Control-C to stop this server and shut down all kernels (twice to skip confirmation).
[NotebookApp | CRITICAL] 
    
    To access the notebook, open this file in a browser:
        file:///C:/Users/dphil/AppData/Roaming/jupyter/runtime/nbserver-17912-open.html
    Or copy and paste one of these URLs:
        http://localhost:8888/?token=752c7ee22afc01b0bfb5e147f762d44931f4a9c4201f6c4a
     or http://127.0.0.1:8888/?token=752c7ee22afc01b0bfb5e147f762d44931f4a9c4201f6c4a
[NotebookApp | WARNING] Notebook week-11-practice-in-class-notebook.ipynb is not trusted
[NotebookApp | INFO] Kernel started: dde469f3-47b8-4179-b190-c88833e1120d
[NotebookApp | INFO] Saving file at /week-11-practice-in-class-notebook.ipynb
[NotebookApp | INFO] Starting buffering for dde469f3-47b8-4179-b190-c88833e1120d:983eda25c85c4bda8dcfeb7d864ec63d
[NotebookApp | INFO] Kernel shutdown: dde469f3-47b8-4179-b190-c88833e1120d
[NotebookApp | INFO] Kernel started: fa507510-fbbc-4c65-b528-8184044c13e4
[NotebookApp | INFO] Starting buffering for fa507510-fbbc-4c65-b528-8184044c13e4:d35a375eff8e4082b5d6d0033e74f185
[NotebookApp | INFO] 302 GET /notebooks/earth-lab-logo-rgb.png (::1) 0.00ms
[NotebookApp | INFO] Kernel started: e8d5fdf7-7482-4440-827a-96d05742d034
[NotebookApp | INFO] Saving file at /ea-bootcamp-11-dry-code.ipynb
[NotebookApp | INFO] Starting buffering for e8d5fdf7-7482-4440-827a-96d05742d034:8720f809ecd14a2d9599359c5b3086ee
[NotebookApp | INFO] Kernel restarted: e8d5fdf7-7482-4440-827a-96d05742d034
[NotebookApp | INFO] Restoring connection for e8d5fdf7-7482-4440-827a-96d05742d034:8720f809ecd14a2d9599359c5b3086ee
[NotebookApp | INFO] Replaying 3 buffered messages
[NotebookApp | INFO] Saving file at /ea-bootcamp-11-dry-code.ipynb
[NotebookApp | INFO] Saving file at /ea-bootcamp-11-dry-code.ipynb
[NotebookApp | INFO] Saving file at /ea-bootcamp-11-dry-code.ipynb
[NotebookApp | INFO] Saving file at /ea-bootcamp-11-dry-code.ipynb
[NotebookApp | INFO] Saving file at /ea-bootcamp-11-dry-code.ipynb
[NotebookApp | INFO] Saving file at /ea-bootcamp-11-dry-code.ipynb
[NotebookApp | INFO] Saving file at /ea-bootcamp-11-dry-code.ipynb
[NotebookApp | INFO] Saving file at /ea-bootcamp-11-dry-code.ipynb
[NotebookApp | INFO] Saving file at /ea-bootcamp-11-dry-code.ipynb
[NotebookApp | INFO] Saving file at /ea-bootcamp-11-dry-code.ipynb
[NotebookApp | INFO] Saving file at /ea-bootcamp-11-dry-code.ipynb
[NotebookApp | INFO] Saving file at /ea-bootcamp-11-dry-code.ipynb
[NotebookApp | INFO] Saving file at /ea-bootcamp-11-dry-code.ipynb
[NotebookApp | INFO] Starting buffering for fa507510-fbbc-4c65-b528-8184044c13e4:4490c62689b94b3f874ac6400df32dd7
[NotebookApp | INFO] Saving file at /ea-bootcamp-11-dry-code.ipynb
[NotebookApp | INFO] Saving file at /ea-bootcamp-11-dry-code.ipynb
[NotebookApp | INFO] Saving file at /ea-bootcamp-11-dry-code.ipynb
[NotebookApp | INFO] Saving file at /ea-bootcamp-11-dry-code.ipynb
[NotebookApp | INFO] Saving file at /ea-bootcamp-11-dry-code.ipynb
[NotebookApp | INFO] Saving file at /ea-bootcamp-11-dry-code.ipynb
[NotebookApp | INFO] Saving file at /ea-bootcamp-11-dry-code.ipynb
[NotebookApp | INFO] Saving file at /ea-bootcamp-11-dry-code.ipynb
[NotebookApp | INFO] Saving file at /ea-bootcamp-11-dry-code.ipynb
[NotebookApp | INFO] Starting buffering for e8d5fdf7-7482-4440-827a-96d05742d034:8720f809ecd14a2d9599359c5b3086ee
[NotebookApp | INFO] Shutting down on /api/shutdown request.
[NotebookApp | INFO] Shutting down 2 kernels
[NotebookApp | INFO] Kernel shutdown: fa507510-fbbc-4c65-b528-8184044c13e4
[NotebookApp | INFO] Kernel shutdown: e8d5fdf7-7482-4440-827a-96d05742d034
[NotebookApp | WARNING] No nbgrader_config.py file found (rerun with --debug to see where nbgrader is looking)
[NotebookApp | INFO] Loading the validate_assignment nbgrader serverextension
[NotebookApp | INFO] Serving notebooks from local directory: C:\Users\dphil\earth-analytics\ea-bootcamp-11-dry-code-dphillips97
[NotebookApp | INFO] The Jupyter Notebook is running at:
[NotebookApp | INFO] http://localhost:8888/?token=8418d7338271681a7c60c7b1fce4d1d0cd9d0c9ba1af63f7
[NotebookApp | INFO]  or http://127.0.0.1:8888/?token=8418d7338271681a7c60c7b1fce4d1d0cd9d0c9ba1af63f7
[NotebookApp | INFO] Use Control-C to stop this server and shut down all kernels (twice to skip confirmation).
[NotebookApp | CRITICAL] 
    
    To access the notebook, open this file in a browser:
        file:///C:/Users/dphil/AppData/Roaming/jupyter/runtime/nbserver-10276-open.html
    Or copy and paste one of these URLs:
        http://localhost:8888/?token=8418d7338271681a7c60c7b1fce4d1d0cd9d0c9ba1af63f7
     or http://127.0.0.1:8888/?token=8418d7338271681a7c60c7b1fce4d1d0cd9d0c9ba1af63f7
[NotebookApp | INFO] 302 GET /notebooks/earth-lab-logo-rgb.png (::1) 0.00ms
[NotebookApp | INFO] Kernel started: d176a803-ce2f-4439-8ef3-0a8d6ca6eae1
[NotebookApp | INFO] Starting buffering for d176a803-ce2f-4439-8ef3-0a8d6ca6eae1:99849bcc6b884128b455004f5eb55944
[NotebookApp | INFO] Kernel restarted: d176a803-ce2f-4439-8ef3-0a8d6ca6eae1
[NotebookApp | INFO] Restoring connection for d176a803-ce2f-4439-8ef3-0a8d6ca6eae1:99849bcc6b884128b455004f5eb55944
[NotebookApp | INFO] Replaying 6 buffered messages
[NotebookApp | INFO] Saving file at /ea-bootcamp-11-dry-code.ipynb
[NotebookApp | INFO] Starting buffering for d176a803-ce2f-4439-8ef3-0a8d6ca6eae1:99849bcc6b884128b455004f5eb55944
[NotebookApp | INFO] Interrupted...
[NotebookApp | INFO] Shutting down 1 kernel
[NotebookApp | INFO] Kernel shutdown: d176a803-ce2f-4439-8ef3-0a8d6ca6eae1
